EDA Netlist Writer report for problema_2
Thu Aug 25 15:39:46 2022
Quartus Prime Version 21.1.1 Build 850 06/23/2022 SJ Lite Edition


---------------------
; Table of Contents ;
---------------------
  1. Legal Notice
  2. EDA Netlist Writer Summary
  3. Simulation Settings
  4. Simulation Generated Files
  5. EDA Netlist Writer Messages



----------------
; Legal Notice ;
----------------
Copyright (C) 2022  Intel Corporation. All rights reserved.
Your use of Intel Corporation's design tools, logic functions 
and other software and tools, and any partner logic 
functions, and any output files from any of the foregoing 
(including device programming or simulation files), and any 
associated documentation or information are expressly subject 
to the terms and conditions of the Intel Program License 
Subscription Agreement, the Intel Quartus Prime License Agreement,
the Intel FPGA IP License Agreement, or other applicable license
agreement, including, without limitation, that your use is for
the sole purpose of programming logic devices manufactured by
Intel and sold by Intel or its authorized distributors.  Please
refer to the applicable agreement for further details, at
https://fpgasoftware.intel.com/eula.



+-------------------------------------------------------------------+
; EDA Netlist Writer Summary                                        ;
+---------------------------+---------------------------------------+
; EDA Netlist Writer Status ; Successful - Thu Aug 25 15:39:46 2022 ;
; Revision Name             ; problema_2                            ;
; Top-level Entity Name     ; adder_4bits_to_7seg                   ;
; Family                    ; Cyclone V                             ;
; Simulation Files Creation ; Successful                            ;
+---------------------------+---------------------------------------+


+---------------------------------------------------------------------------------------------------------------------------------------+
; Simulation Settings                                                                                                                   ;
+---------------------------------------------------------------------------------------------------+-----------------------------------+
; Option                                                                                            ; Setting                           ;
+---------------------------------------------------------------------------------------------------+-----------------------------------+
; Tool Name                                                                                         ; Questa Intel FPGA (SystemVerilog) ;
; Generate functional simulation netlist                                                            ; On                                ;
; Truncate long hierarchy paths                                                                     ; Off                               ;
; Map illegal HDL characters                                                                        ; Off                               ;
; Flatten buses into individual nodes                                                               ; Off                               ;
; Maintain hierarchy                                                                                ; Off                               ;
; Bring out device-wide set/reset signals as ports                                                  ; Off                               ;
; Enable glitch filtering                                                                           ; Off                               ;
; Do not write top level VHDL entity                                                                ; Off                               ;
; Disable detection of setup and hold time violations in the input registers of bi-directional pins ; Off                               ;
; Architecture name in VHDL output netlist                                                          ; structure                         ;
; Generate third-party EDA tool command script for RTL functional simulation                        ; Off                               ;
; Generate third-party EDA tool command script for gate-level simulation                            ; Off                               ;
+---------------------------------------------------------------------------------------------------+-----------------------------------+


+---------------------------------------------------------------------------------------------------------------------------------------------------------+
; Simulation Generated Files                                                                                                                              ;
+---------------------------------------------------------------------------------------------------------------------------------------------------------+
; Generated Files                                                                                                                                         ;
+---------------------------------------------------------------------------------------------------------------------------------------------------------+
; /home/rijegaro/Escritorio/taller_de_diseno_digital/RGatgens_ATrejos_digital_design_lab_2022/laboratorio_1/problema_2/simulation/modelsim/problema_2.svo ;
+---------------------------------------------------------------------------------------------------------------------------------------------------------+


+-----------------------------+
; EDA Netlist Writer Messages ;
+-----------------------------+
Info: *******************************************************************
Info: Running Quartus Prime EDA Netlist Writer
    Info: Version 21.1.1 Build 850 06/23/2022 SJ Lite Edition
    Info: Processing started: Thu Aug 25 15:39:44 2022
Info: Command: quartus_eda --read_settings_files=off --write_settings_files=off problema_2 -c problema_2
Warning (18236): Number of processors has not been specified which may cause overloading on shared machines.  Set the global assignment NUM_PARALLEL_PROCESSORS in your QSF to an appropriate value for best performance.
Warning (202000): An incorrect timescale is selected for the Verilog Output (.VO) file of this PLL design. It's required that the timescale should be 1 ps when simulating a PLL design in a third party EDA tool.
Info (204019): Generated file problema_2.svo in folder "/home/rijegaro/Escritorio/taller_de_diseno_digital/RGatgens_ATrejos_digital_design_lab_2022/laboratorio_1/problema_2/simulation/modelsim/" for EDA simulation tool
Info: Quartus Prime EDA Netlist Writer was successful. 0 errors, 2 warnings
    Info: Peak virtual memory: 693 megabytes
    Info: Processing ended: Thu Aug 25 15:39:46 2022
    Info: Elapsed time: 00:00:02
    Info: Total CPU time (on all processors): 00:00:02


