Analysis & Synthesis report for Laboratorio_1
Thu Aug 25 13:14:48 2022
Quartus Prime Version 21.1.1 Build 850 06/23/2022 SJ Lite Edition


---------------------
; Table of Contents ;
---------------------
  1. Legal Notice
  2. Analysis & Synthesis Summary
  3. Analysis & Synthesis Settings
  4. Parallel Compilation
  5. Analysis & Synthesis Source Files Read
  6. Analysis & Synthesis Resource Usage Summary
  7. Analysis & Synthesis Resource Utilization by Entity
  8. General Register Statistics
  9. Port Connectivity Checks: "BCD_DECO:deco_1"
 10. Post-Synthesis Netlist Statistics for Top Partition
 11. Elapsed Time Per Partition
 12. Analysis & Synthesis Messages



----------------
; Legal Notice ;
----------------
Copyright (C) 2022  Intel Corporation. All rights reserved.
Your use of Intel Corporation's design tools, logic functions 
and other software and tools, and any partner logic 
functions, and any output files from any of the foregoing 
(including device programming or simulation files), and any 
associated documentation or information are expressly subject 
to the terms and conditions of the Intel Program License 
Subscription Agreement, the Intel Quartus Prime License Agreement,
the Intel FPGA IP License Agreement, or other applicable license
agreement, including, without limitation, that your use is for
the sole purpose of programming logic devices manufactured by
Intel and sold by Intel or its authorized distributors.  Please
refer to the applicable agreement for further details, at
https://fpgasoftware.intel.com/eula.



+-------------------------------------------------------------------------------+
; Analysis & Synthesis Summary                                                  ;
+---------------------------------+---------------------------------------------+
; Analysis & Synthesis Status     ; Successful - Thu Aug 25 13:14:48 2022       ;
; Quartus Prime Version           ; 21.1.1 Build 850 06/23/2022 SJ Lite Edition ;
; Revision Name                   ; Laboratorio_1                               ;
; Top-level Entity Name           ; adder_4bits_to_7seg                         ;
; Family                          ; Cyclone V                                   ;
; Logic utilization (in ALMs)     ; N/A                                         ;
; Total registers                 ; 0                                           ;
; Total pins                      ; 23                                          ;
; Total virtual pins              ; 0                                           ;
; Total block memory bits         ; 0                                           ;
; Total DSP Blocks                ; 0                                           ;
; Total HSSI RX PCSs              ; 0                                           ;
; Total HSSI PMA RX Deserializers ; 0                                           ;
; Total HSSI TX PCSs              ; 0                                           ;
; Total HSSI PMA TX Serializers   ; 0                                           ;
; Total PLLs                      ; 0                                           ;
; Total DLLs                      ; 0                                           ;
+---------------------------------+---------------------------------------------+


+----------------------------------------------------------------------------------------------------------------------------+
; Analysis & Synthesis Settings                                                                                              ;
+---------------------------------------------------------------------------------+---------------------+--------------------+
; Option                                                                          ; Setting             ; Default Value      ;
+---------------------------------------------------------------------------------+---------------------+--------------------+
; Device                                                                          ; 5CSEMA5F31C6        ;                    ;
; Top-level entity name                                                           ; adder_4bits_to_7seg ; Laboratorio_1      ;
; Family name                                                                     ; Cyclone V           ; Cyclone V          ;
; Use smart compilation                                                           ; Off                 ; Off                ;
; Enable parallel Assembler and Timing Analyzer during compilation                ; On                  ; On                 ;
; Enable compact report table                                                     ; Off                 ; Off                ;
; Restructure Multiplexers                                                        ; Auto                ; Auto               ;
; MLAB Add Timing Constraints For Mixed-Port Feed-Through Mode Setting Don't Care ; Off                 ; Off                ;
; Create Debugging Nodes for IP Cores                                             ; Off                 ; Off                ;
; Preserve fewer node names                                                       ; On                  ; On                 ;
; Intel FPGA IP Evaluation Mode                                                   ; Enable              ; Enable             ;
; Verilog Version                                                                 ; Verilog_2001        ; Verilog_2001       ;
; VHDL Version                                                                    ; VHDL_1993           ; VHDL_1993          ;
; State Machine Processing                                                        ; Auto                ; Auto               ;
; Safe State Machine                                                              ; Off                 ; Off                ;
; Extract Verilog State Machines                                                  ; On                  ; On                 ;
; Extract VHDL State Machines                                                     ; On                  ; On                 ;
; Ignore Verilog initial constructs                                               ; Off                 ; Off                ;
; Iteration limit for constant Verilog loops                                      ; 5000                ; 5000               ;
; Iteration limit for non-constant Verilog loops                                  ; 250                 ; 250                ;
; Add Pass-Through Logic to Inferred RAMs                                         ; On                  ; On                 ;
; Infer RAMs from Raw Logic                                                       ; On                  ; On                 ;
; Parallel Synthesis                                                              ; On                  ; On                 ;
; DSP Block Balancing                                                             ; Auto                ; Auto               ;
; NOT Gate Push-Back                                                              ; On                  ; On                 ;
; Power-Up Don't Care                                                             ; On                  ; On                 ;
; Remove Redundant Logic Cells                                                    ; Off                 ; Off                ;
; Remove Duplicate Registers                                                      ; On                  ; On                 ;
; Ignore CARRY Buffers                                                            ; Off                 ; Off                ;
; Ignore CASCADE Buffers                                                          ; Off                 ; Off                ;
; Ignore GLOBAL Buffers                                                           ; Off                 ; Off                ;
; Ignore ROW GLOBAL Buffers                                                       ; Off                 ; Off                ;
; Ignore LCELL Buffers                                                            ; Off                 ; Off                ;
; Ignore SOFT Buffers                                                             ; On                  ; On                 ;
; Limit AHDL Integers to 32 Bits                                                  ; Off                 ; Off                ;
; Optimization Technique                                                          ; Balanced            ; Balanced           ;
; Carry Chain Length                                                              ; 70                  ; 70                 ;
; Auto Carry Chains                                                               ; On                  ; On                 ;
; Auto Open-Drain Pins                                                            ; On                  ; On                 ;
; Perform WYSIWYG Primitive Resynthesis                                           ; Off                 ; Off                ;
; Auto ROM Replacement                                                            ; On                  ; On                 ;
; Auto RAM Replacement                                                            ; On                  ; On                 ;
; Auto DSP Block Replacement                                                      ; On                  ; On                 ;
; Auto Shift Register Replacement                                                 ; Auto                ; Auto               ;
; Allow Shift Register Merging across Hierarchies                                 ; Auto                ; Auto               ;
; Auto Clock Enable Replacement                                                   ; On                  ; On                 ;
; Strict RAM Replacement                                                          ; Off                 ; Off                ;
; Allow Synchronous Control Signals                                               ; On                  ; On                 ;
; Force Use of Synchronous Clear Signals                                          ; Off                 ; Off                ;
; Auto Resource Sharing                                                           ; Off                 ; Off                ;
; Allow Any RAM Size For Recognition                                              ; Off                 ; Off                ;
; Allow Any ROM Size For Recognition                                              ; Off                 ; Off                ;
; Allow Any Shift Register Size For Recognition                                   ; Off                 ; Off                ;
; Use LogicLock Constraints during Resource Balancing                             ; On                  ; On                 ;
; Ignore translate_off and synthesis_off directives                               ; Off                 ; Off                ;
; Timing-Driven Synthesis                                                         ; On                  ; On                 ;
; Report Parameter Settings                                                       ; On                  ; On                 ;
; Report Source Assignments                                                       ; On                  ; On                 ;
; Report Connectivity Checks                                                      ; On                  ; On                 ;
; Ignore Maximum Fan-Out Assignments                                              ; Off                 ; Off                ;
; Synchronization Register Chain Length                                           ; 3                   ; 3                  ;
; Power Optimization During Synthesis                                             ; Normal compilation  ; Normal compilation ;
; HDL message level                                                               ; Level2              ; Level2             ;
; Suppress Register Optimization Related Messages                                 ; Off                 ; Off                ;
; Number of Removed Registers Reported in Synthesis Report                        ; 5000                ; 5000               ;
; Number of Swept Nodes Reported in Synthesis Report                              ; 5000                ; 5000               ;
; Number of Inverted Registers Reported in Synthesis Report                       ; 100                 ; 100                ;
; Clock MUX Protection                                                            ; On                  ; On                 ;
; Auto Gated Clock Conversion                                                     ; Off                 ; Off                ;
; Block Design Naming                                                             ; Auto                ; Auto               ;
; SDC constraint protection                                                       ; Off                 ; Off                ;
; Synthesis Effort                                                                ; Auto                ; Auto               ;
; Shift Register Replacement - Allow Asynchronous Clear Signal                    ; On                  ; On                 ;
; Pre-Mapping Resynthesis Optimization                                            ; Off                 ; Off                ;
; Analysis & Synthesis Message Level                                              ; Medium              ; Medium             ;
; Disable Register Merging Across Hierarchies                                     ; Auto                ; Auto               ;
; Resource Aware Inference For Block RAM                                          ; On                  ; On                 ;
; Automatic Parallel Synthesis                                                    ; On                  ; On                 ;
; Partial Reconfiguration Bitstream ID                                            ; Off                 ; Off                ;
+---------------------------------------------------------------------------------+---------------------+--------------------+


+------------------------------------------+
; Parallel Compilation                     ;
+----------------------------+-------------+
; Processors                 ; Number      ;
+----------------------------+-------------+
; Number detected on machine ; 4           ;
; Maximum allowed            ; 2           ;
;                            ;             ;
; Average used               ; 1.00        ;
; Maximum used               ; 1           ;
;                            ;             ;
; Usage by Processor         ; % Time Used ;
;     Processor 1            ; 100.0%      ;
+----------------------------+-------------+


+----------------------------------------------------------------------------------------------------------------------------------------------------------------------------------------------------------------------------------------------+
; Analysis & Synthesis Source Files Read                                                                                                                                                                                                       ;
+------------------------------------+-----------------+------------------------------+----------------------------------------------------------------------------------------------------------------------------------------------+---------+
; File Name with User-Entered Path   ; Used in Netlist ; File Type                    ; File Name with Absolute Path                                                                                                                 ; Library ;
+------------------------------------+-----------------+------------------------------+----------------------------------------------------------------------------------------------------------------------------------------------+---------+
; problema_1/BCD_DECO.sv             ; yes             ; User SystemVerilog HDL File  ; /home/rijegaro/Escritorio/taller_de_diseno_digital/RGatgens_ATrejos_digital_design_lab_2022/Laboratorio_1/problema_1/BCD_DECO.sv             ;         ;
; problema_2/full_adder_tb.vhd       ; yes             ; User VHDL File               ; /home/rijegaro/Escritorio/taller_de_diseno_digital/RGatgens_ATrejos_digital_design_lab_2022/Laboratorio_1/problema_2/full_adder_tb.vhd       ;         ;
; problema_2/full_adder.vhd          ; yes             ; User VHDL File               ; /home/rijegaro/Escritorio/taller_de_diseno_digital/RGatgens_ATrejos_digital_design_lab_2022/Laboratorio_1/problema_2/full_adder.vhd          ;         ;
; problema_2/adder_4bits.vhd         ; yes             ; User VHDL File               ; /home/rijegaro/Escritorio/taller_de_diseno_digital/RGatgens_ATrejos_digital_design_lab_2022/Laboratorio_1/problema_2/adder_4bits.vhd         ;         ;
; problema_2/adder_4bits_tb.vhd      ; yes             ; User VHDL File               ; /home/rijegaro/Escritorio/taller_de_diseno_digital/RGatgens_ATrejos_digital_design_lab_2022/Laboratorio_1/problema_2/adder_4bits_tb.vhd      ;         ;
; problema_2/adder_4bits_to_7seg.vhd ; yes             ; User VHDL File               ; /home/rijegaro/Escritorio/taller_de_diseno_digital/RGatgens_ATrejos_digital_design_lab_2022/Laboratorio_1/problema_2/adder_4bits_to_7seg.vhd ;         ;
+------------------------------------+-----------------+------------------------------+----------------------------------------------------------------------------------------------------------------------------------------------+---------+


+-------------------------------------------------------------------------------------------+
; Analysis & Synthesis Resource Usage Summary                                               ;
+---------------------------------------------+---------------------------------------------+
; Resource                                    ; Usage                                       ;
+---------------------------------------------+---------------------------------------------+
; Estimate of Logic utilization (ALMs needed) ; 7                                           ;
;                                             ;                                             ;
; Combinational ALUT usage for logic          ; 13                                          ;
;     -- 7 input functions                    ; 0                                           ;
;     -- 6 input functions                    ; 0                                           ;
;     -- 5 input functions                    ; 4                                           ;
;     -- 4 input functions                    ; 7                                           ;
;     -- <=3 input functions                  ; 2                                           ;
;                                             ;                                             ;
; Dedicated logic registers                   ; 0                                           ;
;                                             ;                                             ;
; I/O pins                                    ; 23                                          ;
;                                             ;                                             ;
; Total DSP Blocks                            ; 0                                           ;
;                                             ;                                             ;
; Maximum fan-out node                        ; adder_4bits:adder|full_adder:full_adder_0|S ;
; Maximum fan-out                             ; 7                                           ;
; Total fan-out                               ; 88                                          ;
; Average fan-out                             ; 1.49                                        ;
+---------------------------------------------+---------------------------------------------+


+------------------------------------------------------------------------------------------------------------------------------------------------------------------------------------------------------------------------------------------------+
; Analysis & Synthesis Resource Utilization by Entity                                                                                                                                                                                            ;
+---------------------------------+---------------------+---------------------------+-------------------+------------+------+--------------+----------------------------------------------------------------+---------------------+--------------+
; Compilation Hierarchy Node      ; Combinational ALUTs ; Dedicated Logic Registers ; Block Memory Bits ; DSP Blocks ; Pins ; Virtual Pins ; Full Hierarchy Name                                            ; Entity Name         ; Library Name ;
+---------------------------------+---------------------+---------------------------+-------------------+------------+------+--------------+----------------------------------------------------------------+---------------------+--------------+
; |adder_4bits_to_7seg            ; 13 (0)              ; 0 (0)                     ; 0                 ; 0          ; 23   ; 0            ; |adder_4bits_to_7seg                                           ; adder_4bits_to_7seg ; work         ;
;    |BCD_DECO:deco_0|            ; 7 (7)               ; 0 (0)                     ; 0                 ; 0          ; 0    ; 0            ; |adder_4bits_to_7seg|BCD_DECO:deco_0                           ; BCD_DECO            ; work         ;
;    |adder_4bits:adder|          ; 6 (0)               ; 0 (0)                     ; 0                 ; 0          ; 0    ; 0            ; |adder_4bits_to_7seg|adder_4bits:adder                         ; adder_4bits         ; work         ;
;       |full_adder:full_adder_0| ; 1 (1)               ; 0 (0)                     ; 0                 ; 0          ; 0    ; 0            ; |adder_4bits_to_7seg|adder_4bits:adder|full_adder:full_adder_0 ; full_adder          ; work         ;
;       |full_adder:full_adder_1| ; 2 (2)               ; 0 (0)                     ; 0                 ; 0          ; 0    ; 0            ; |adder_4bits_to_7seg|adder_4bits:adder|full_adder:full_adder_1 ; full_adder          ; work         ;
;       |full_adder:full_adder_2| ; 1 (1)               ; 0 (0)                     ; 0                 ; 0          ; 0    ; 0            ; |adder_4bits_to_7seg|adder_4bits:adder|full_adder:full_adder_2 ; full_adder          ; work         ;
;       |full_adder:full_adder_3| ; 2 (2)               ; 0 (0)                     ; 0                 ; 0          ; 0    ; 0            ; |adder_4bits_to_7seg|adder_4bits:adder|full_adder:full_adder_3 ; full_adder          ; work         ;
+---------------------------------+---------------------+---------------------------+-------------------+------------+------+--------------+----------------------------------------------------------------+---------------------+--------------+
Note: For table entries with two numbers listed, the numbers in parentheses indicate the number of resources of the given type used by the specific entity alone. The numbers listed outside of parentheses indicate the total resources of the given type used by the specific entity and all of its sub-entities in the hierarchy.


+------------------------------------------------------+
; General Register Statistics                          ;
+----------------------------------------------+-------+
; Statistic                                    ; Value ;
+----------------------------------------------+-------+
; Total registers                              ; 0     ;
; Number of registers using Synchronous Clear  ; 0     ;
; Number of registers using Synchronous Load   ; 0     ;
; Number of registers using Asynchronous Clear ; 0     ;
; Number of registers using Asynchronous Load  ; 0     ;
; Number of registers using Clock Enable       ; 0     ;
; Number of registers using Preset             ; 0     ;
+----------------------------------------------+-------+


+---------------------------------------------+
; Port Connectivity Checks: "BCD_DECO:deco_1" ;
+-----------+-------+----------+--------------+
; Port      ; Type  ; Severity ; Details      ;
+-----------+-------+----------+--------------+
; NUM[3..1] ; Input ; Info     ; Stuck at GND ;
+-----------+-------+----------+--------------+


+-----------------------------------------------------+
; Post-Synthesis Netlist Statistics for Top Partition ;
+-----------------------+-----------------------------+
; Type                  ; Count                       ;
+-----------------------+-----------------------------+
; arriav_lcell_comb     ; 16                          ;
;     normal            ; 16                          ;
;         0 data inputs ; 2                           ;
;         1 data inputs ; 1                           ;
;         3 data inputs ; 2                           ;
;         4 data inputs ; 7                           ;
;         5 data inputs ; 4                           ;
; boundary_port         ; 23                          ;
;                       ;                             ;
; Max LUT depth         ; 4.00                        ;
; Average LUT depth     ; 3.12                        ;
+-----------------------+-----------------------------+


+-------------------------------+
; Elapsed Time Per Partition    ;
+----------------+--------------+
; Partition Name ; Elapsed Time ;
+----------------+--------------+
; Top            ; 00:00:01     ;
+----------------+--------------+


+-------------------------------+
; Analysis & Synthesis Messages ;
+-------------------------------+
Info: *******************************************************************
Info: Running Quartus Prime Analysis & Synthesis
    Info: Version 21.1.1 Build 850 06/23/2022 SJ Lite Edition
    Info: Processing started: Thu Aug 25 13:14:32 2022
Info: Command: quartus_map --read_settings_files=on --write_settings_files=off Laboratorio_1 -c Laboratorio_1
Warning (18236): Number of processors has not been specified which may cause overloading on shared machines.  Set the global assignment NUM_PARALLEL_PROCESSORS in your QSF to an appropriate value for best performance.
Info (20030): Parallel compilation is enabled and will use 2 of the 2 processors detected
Info (12021): Found 1 design units, including 1 entities, in source file problema_1/BCD_DECO_TB.sv
    Info (12023): Found entity 1: BCD_DECO_TB File: /home/rijegaro/Escritorio/taller_de_diseno_digital/RGatgens_ATrejos_digital_design_lab_2022/Laboratorio_1/problema_1/BCD_DECO_TB.sv Line: 3
Info (12021): Found 1 design units, including 1 entities, in source file problema_1/BCD_DECO.sv
    Info (12023): Found entity 1: BCD_DECO File: /home/rijegaro/Escritorio/taller_de_diseno_digital/RGatgens_ATrejos_digital_design_lab_2022/Laboratorio_1/problema_1/BCD_DECO.sv Line: 1
Info (12021): Found 2 design units, including 1 entities, in source file problema_2/full_adder_tb.vhd
    Info (12022): Found design unit 1: full_adder_tb-testbench File: /home/rijegaro/Escritorio/taller_de_diseno_digital/RGatgens_ATrejos_digital_design_lab_2022/Laboratorio_1/problema_2/full_adder_tb.vhd Line: 8
    Info (12023): Found entity 1: full_adder_tb File: /home/rijegaro/Escritorio/taller_de_diseno_digital/RGatgens_ATrejos_digital_design_lab_2022/Laboratorio_1/problema_2/full_adder_tb.vhd Line: 4
Info (12021): Found 2 design units, including 1 entities, in source file problema_2/full_adder.vhd
    Info (12022): Found design unit 1: full_adder-structural File: /home/rijegaro/Escritorio/taller_de_diseno_digital/RGatgens_ATrejos_digital_design_lab_2022/Laboratorio_1/problema_2/full_adder.vhd Line: 15
    Info (12023): Found entity 1: full_adder File: /home/rijegaro/Escritorio/taller_de_diseno_digital/RGatgens_ATrejos_digital_design_lab_2022/Laboratorio_1/problema_2/full_adder.vhd Line: 5
Info (12021): Found 2 design units, including 1 entities, in source file problema_2/adder_4bits.vhd
    Info (12022): Found design unit 1: adder_4bits-structural File: /home/rijegaro/Escritorio/taller_de_diseno_digital/RGatgens_ATrejos_digital_design_lab_2022/Laboratorio_1/problema_2/adder_4bits.vhd Line: 16
    Info (12023): Found entity 1: adder_4bits File: /home/rijegaro/Escritorio/taller_de_diseno_digital/RGatgens_ATrejos_digital_design_lab_2022/Laboratorio_1/problema_2/adder_4bits.vhd Line: 5
Info (12021): Found 2 design units, including 1 entities, in source file problema_2/adder_4bits_tb.vhd
    Info (12022): Found design unit 1: adder_4bits_tb-testbench File: /home/rijegaro/Escritorio/taller_de_diseno_digital/RGatgens_ATrejos_digital_design_lab_2022/Laboratorio_1/problema_2/adder_4bits_tb.vhd Line: 8
    Info (12023): Found entity 1: adder_4bits_tb File: /home/rijegaro/Escritorio/taller_de_diseno_digital/RGatgens_ATrejos_digital_design_lab_2022/Laboratorio_1/problema_2/adder_4bits_tb.vhd Line: 4
Info (12021): Found 2 design units, including 1 entities, in source file problema_2/adder_4bits_to_7seg.vhd
    Info (12022): Found design unit 1: adder_4bits_to_7seg-structural File: /home/rijegaro/Escritorio/taller_de_diseno_digital/RGatgens_ATrejos_digital_design_lab_2022/Laboratorio_1/problema_2/adder_4bits_to_7seg.vhd Line: 15
    Info (12023): Found entity 1: adder_4bits_to_7seg File: /home/rijegaro/Escritorio/taller_de_diseno_digital/RGatgens_ATrejos_digital_design_lab_2022/Laboratorio_1/problema_2/adder_4bits_to_7seg.vhd Line: 5
Info (12127): Elaborating entity "adder_4bits_to_7seg" for the top level hierarchy
Warning (10873): Using initial value X (don't care) for net "Cout[3..1]" at adder_4bits_to_7seg.vhd(33) File: /home/rijegaro/Escritorio/taller_de_diseno_digital/RGatgens_ATrejos_digital_design_lab_2022/Laboratorio_1/problema_2/adder_4bits_to_7seg.vhd Line: 33
Info (12128): Elaborating entity "adder_4bits" for hierarchy "adder_4bits:adder" File: /home/rijegaro/Escritorio/taller_de_diseno_digital/RGatgens_ATrejos_digital_design_lab_2022/Laboratorio_1/problema_2/adder_4bits_to_7seg.vhd Line: 37
Info (12128): Elaborating entity "full_adder" for hierarchy "adder_4bits:adder|full_adder:full_adder_0" File: /home/rijegaro/Escritorio/taller_de_diseno_digital/RGatgens_ATrejos_digital_design_lab_2022/Laboratorio_1/problema_2/adder_4bits.vhd Line: 29
Info (12128): Elaborating entity "BCD_DECO" for hierarchy "BCD_DECO:deco_0" File: /home/rijegaro/Escritorio/taller_de_diseno_digital/RGatgens_ATrejos_digital_design_lab_2022/Laboratorio_1/problema_2/adder_4bits_to_7seg.vhd Line: 46
Warning (13024): Output pins are stuck at VCC or GND
    Warning (13410): Pin "BCD_1[0]" is stuck at VCC File: /home/rijegaro/Escritorio/taller_de_diseno_digital/RGatgens_ATrejos_digital_design_lab_2022/Laboratorio_1/problema_2/adder_4bits_to_7seg.vhd Line: 11
    Warning (13410): Pin "BCD_1[4]" is stuck at GND File: /home/rijegaro/Escritorio/taller_de_diseno_digital/RGatgens_ATrejos_digital_design_lab_2022/Laboratorio_1/problema_2/adder_4bits_to_7seg.vhd Line: 11
    Warning (13410): Pin "BCD_1[5]" is stuck at GND File: /home/rijegaro/Escritorio/taller_de_diseno_digital/RGatgens_ATrejos_digital_design_lab_2022/Laboratorio_1/problema_2/adder_4bits_to_7seg.vhd Line: 11
Info (286030): Timing-Driven Synthesis is running
Info (16010): Generating hard_block partition "hard_block:auto_generated_inst"
    Info (16011): Adding 0 node(s), including 0 DDIO, 0 PLL, 0 transceiver and 0 LCELL
Info (21057): Implemented 36 device resources after synthesis - the final resource count might be different
    Info (21058): Implemented 9 input pins
    Info (21059): Implemented 14 output pins
    Info (21061): Implemented 13 logic cells
Info: Quartus Prime Analysis & Synthesis was successful. 0 errors, 6 warnings
    Info: Peak virtual memory: 495 megabytes
    Info: Processing ended: Thu Aug 25 13:14:48 2022
    Info: Elapsed time: 00:00:16
    Info: Total CPU time (on all processors): 00:00:32


